<?xml version="1.0" encoding="UTF-8"?>
<!-- Generated by org.testng.reporters.JUnitXMLReporter -->
<testsuite ignored="0" hostname="DESKTOP-ISPT6SK" failures="1" tests="5" name="Default test" time="6.835" errors="0" timestamp="2022-08-09T17:39:19 IST">
  <testcase classname="com.TestVagrant_CodingAssesment_Wikipedia_IMDB.TestVagrant_CodingAssesment_Wikipedia_IMDB.PomManage_Runner" name="getwikipedia" time="0.801"/>
  <testcase classname="com.TestVagrant_CodingAssesment_Wikipedia_IMDB.TestVagrant_CodingAssesment_Wikipedia_IMDB.PomManage_Runner" name="getimdb" time="5.417"/>
  <testcase classname="com.TestVagrant_CodingAssesment_Wikipedia_IMDB.TestVagrant_CodingAssesment_Wikipedia_IMDB.PomManage_Runner" name="assert1" time="0.003"/>
  <testcase classname="com.TestVagrant_CodingAssesment_Wikipedia_IMDB.TestVagrant_CodingAssesment_Wikipedia_IMDB.PomManage_Runner" name="assert2" time="0.007">
    <failure type="java.lang.AssertionError" message="expected [January 7, 2022 (United States)] but found [17 December 2021]">
      <![CDATA[java.lang.AssertionError: expected [January 7, 2022 (United States)] but found [17 December 2021]
at org.testng.Assert.fail(Assert.java:110)
at org.testng.Assert.failNotEquals(Assert.java:1413)
at org.testng.Assert.assertEqualsImpl(Assert.java:149)
at org.testng.Assert.assertEquals(Assert.java:131)
at org.testng.Assert.assertEquals(Assert.java:655)
at org.testng.Assert.assertEquals(Assert.java:665)
at com.TestVagrant_CodingAssesment_Wikipedia_IMDB.TestVagrant_CodingAssesment_Wikipedia_IMDB.PomManage_Runner.assert2(PomManage_Runner.java:48)
at java.base/jdk.internal.reflect.NativeMethodAccessorImpl.invoke0(Native Method)
at java.base/jdk.internal.reflect.NativeMethodAccessorImpl.invoke(NativeMethodAccessorImpl.java:64)
at java.base/jdk.internal.reflect.DelegatingMethodAccessorImpl.invoke(DelegatingMethodAccessorImpl.java:43)
at java.base/java.lang.reflect.Method.invoke(Method.java:564)
at org.testng.internal.invokers.MethodInvocationHelper.invokeMethod(MethodInvocationHelper.java:139)
at org.testng.internal.invokers.TestInvoker.invokeMethod(TestInvoker.java:677)
at org.testng.internal.invokers.TestInvoker.invokeTestMethod(TestInvoker.java:221)
at org.testng.internal.invokers.MethodRunner.runInSequence(MethodRunner.java:50)
at org.testng.internal.invokers.TestInvoker$MethodInvocationAgent.invoke(TestInvoker.java:962)
at org.testng.internal.invokers.TestInvoker.invokeTestMethods(TestInvoker.java:194)
at org.testng.internal.invokers.TestMethodWorker.invokeTestMethods(TestMethodWorker.java:148)
at org.testng.internal.invokers.TestMethodWorker.run(TestMethodWorker.java:128)
at java.base/java.util.ArrayList.forEach(ArrayList.java:1511)
at org.testng.TestRunner.privateRun(TestRunner.java:806)
at org.testng.TestRunner.run(TestRunner.java:601)
at org.testng.SuiteRunner.runTest(SuiteRunner.java:433)
at org.testng.SuiteRunner.runSequentially(SuiteRunner.java:427)
at org.testng.SuiteRunner.privateRun(SuiteRunner.java:387)
at org.testng.SuiteRunner.run(SuiteRunner.java:330)
at org.testng.SuiteRunnerWorker.runSuite(SuiteRunnerWorker.java:52)
at org.testng.SuiteRunnerWorker.run(SuiteRunnerWorker.java:95)
at org.testng.TestNG.runSuitesSequentially(TestNG.java:1256)
at org.testng.TestNG.runSuitesLocally(TestNG.java:1176)
at org.testng.TestNG.runSuites(TestNG.java:1099)
at org.testng.TestNG.run(TestNG.java:1067)
at org.testng.remote.AbstractRemoteTestNG.run(AbstractRemoteTestNG.java:115)
at org.testng.remote.RemoteTestNG.initAndRun(RemoteTestNG.java:251)
at org.testng.remote.RemoteTestNG.main(RemoteTestNG.java:77)
]]>
    </failure>
  </testcase> <!-- assert2 -->
  <testcase classname="com.TestVagrant_CodingAssesment_Wikipedia_IMDB.TestVagrant_CodingAssesment_Wikipedia_IMDB.PomManage_Runner" name="quitbrowser" time="0.571"/>
</testsuite> <!-- Default test -->
