<?xml version="1.0" encoding="UTF-8"?>
<testng-results ignored="0" total="5" passed="4" failed="1" skipped="0">
  <reporter-output>
  </reporter-output>
  <suite started-at="2022-08-09T17:39:12 IST" name="Default suite" finished-at="2022-08-09T17:39:19 IST" duration-ms="6835">
    <groups>
    </groups>
    <test started-at="2022-08-09T17:39:12 IST" name="Default test" finished-at="2022-08-09T17:39:19 IST" duration-ms="6835">
      <class name="com.TestVagrant_CodingAssesment_Wikipedia_IMDB.TestVagrant_CodingAssesment_Wikipedia_IMDB.PomManage_Runner">
        <test-method signature="getwikipedia()[pri:1, instance:com.TestVagrant_CodingAssesment_Wikipedia_IMDB.TestVagrant_CodingAssesment_Wikipedia_IMDB.PomManage_Runner@28486680]" started-at="2022-08-09T17:39:12 IST" name="getwikipedia" finished-at="2022-08-09T17:39:13 IST" duration-ms="801" status="PASS">
          <reporter-output>
          </reporter-output>
        </test-method> <!-- getwikipedia -->
        <test-method signature="getimdb()[pri:2, instance:com.TestVagrant_CodingAssesment_Wikipedia_IMDB.TestVagrant_CodingAssesment_Wikipedia_IMDB.PomManage_Runner@28486680]" started-at="2022-08-09T17:39:13 IST" name="getimdb" finished-at="2022-08-09T17:39:19 IST" duration-ms="5417" status="PASS">
          <reporter-output>
          </reporter-output>
        </test-method> <!-- getimdb -->
        <test-method signature="assert1()[pri:3, instance:com.TestVagrant_CodingAssesment_Wikipedia_IMDB.TestVagrant_CodingAssesment_Wikipedia_IMDB.PomManage_Runner@28486680]" started-at="2022-08-09T17:39:19 IST" name="assert1" finished-at="2022-08-09T17:39:19 IST" duration-ms="3" status="PASS">
          <reporter-output>
          </reporter-output>
        </test-method> <!-- assert1 -->
        <test-method signature="assert2()[pri:4, instance:com.TestVagrant_CodingAssesment_Wikipedia_IMDB.TestVagrant_CodingAssesment_Wikipedia_IMDB.PomManage_Runner@28486680]" started-at="2022-08-09T17:39:19 IST" name="assert2" finished-at="2022-08-09T17:39:19 IST" duration-ms="7" status="FAIL">
          <exception class="java.lang.AssertionError">
            <message>
              <![CDATA[expected [January 7, 2022 (United States)] but found [17 December 2021]]]>
            </message>
            <full-stacktrace>
              <![CDATA[java.lang.AssertionError: expected [January 7, 2022 (United States)] but found [17 December 2021]
at org.testng.Assert.fail(Assert.java:110)
at org.testng.Assert.failNotEquals(Assert.java:1413)
at org.testng.Assert.assertEqualsImpl(Assert.java:149)
at org.testng.Assert.assertEquals(Assert.java:131)
at org.testng.Assert.assertEquals(Assert.java:655)
at org.testng.Assert.assertEquals(Assert.java:665)
at com.TestVagrant_CodingAssesment_Wikipedia_IMDB.TestVagrant_CodingAssesment_Wikipedia_IMDB.PomManage_Runner.assert2(PomManage_Runner.java:48)
at java.base/jdk.internal.reflect.NativeMethodAccessorImpl.invoke0(Native Method)
at java.base/jdk.internal.reflect.NativeMethodAccessorImpl.invoke(NativeMethodAccessorImpl.java:64)
at java.base/jdk.internal.reflect.DelegatingMethodAccessorImpl.invoke(DelegatingMethodAccessorImpl.java:43)
at java.base/java.lang.reflect.Method.invoke(Method.java:564)
at org.testng.internal.invokers.MethodInvocationHelper.invokeMethod(MethodInvocationHelper.java:139)
at org.testng.internal.invokers.TestInvoker.invokeMethod(TestInvoker.java:677)
at org.testng.internal.invokers.TestInvoker.invokeTestMethod(TestInvoker.java:221)
at org.testng.internal.invokers.MethodRunner.runInSequence(MethodRunner.java:50)
at org.testng.internal.invokers.TestInvoker$MethodInvocationAgent.invoke(TestInvoker.java:962)
at org.testng.internal.invokers.TestInvoker.invokeTestMethods(TestInvoker.java:194)
at org.testng.internal.invokers.TestMethodWorker.invokeTestMethods(TestMethodWorker.java:148)
at org.testng.internal.invokers.TestMethodWorker.run(TestMethodWorker.java:128)
at java.base/java.util.ArrayList.forEach(ArrayList.java:1511)
at org.testng.TestRunner.privateRun(TestRunner.java:806)
at org.testng.TestRunner.run(TestRunner.java:601)
at org.testng.SuiteRunner.runTest(SuiteRunner.java:433)
at org.testng.SuiteRunner.runSequentially(SuiteRunner.java:427)
at org.testng.SuiteRunner.privateRun(SuiteRunner.java:387)
at org.testng.SuiteRunner.run(SuiteRunner.java:330)
at org.testng.SuiteRunnerWorker.runSuite(SuiteRunnerWorker.java:52)
at org.testng.SuiteRunnerWorker.run(SuiteRunnerWorker.java:95)
at org.testng.TestNG.runSuitesSequentially(TestNG.java:1256)
at org.testng.TestNG.runSuitesLocally(TestNG.java:1176)
at org.testng.TestNG.runSuites(TestNG.java:1099)
at org.testng.TestNG.run(TestNG.java:1067)
at org.testng.remote.AbstractRemoteTestNG.run(AbstractRemoteTestNG.java:115)
at org.testng.remote.RemoteTestNG.initAndRun(RemoteTestNG.java:251)
at org.testng.remote.RemoteTestNG.main(RemoteTestNG.java:77)
]]>
            </full-stacktrace>
          </exception> <!-- java.lang.AssertionError -->
          <reporter-output>
          </reporter-output>
        </test-method> <!-- assert2 -->
        <test-method signature="quitbrowser()[pri:5, instance:com.TestVagrant_CodingAssesment_Wikipedia_IMDB.TestVagrant_CodingAssesment_Wikipedia_IMDB.PomManage_Runner@28486680]" started-at="2022-08-09T17:39:19 IST" name="quitbrowser" finished-at="2022-08-09T17:39:19 IST" duration-ms="571" status="PASS">
          <reporter-output>
          </reporter-output>
        </test-method> <!-- quitbrowser -->
      </class> <!-- com.TestVagrant_CodingAssesment_Wikipedia_IMDB.TestVagrant_CodingAssesment_Wikipedia_IMDB.PomManage_Runner -->
    </test> <!-- Default test -->
  </suite> <!-- Default suite -->
</testng-results>
